{"/home/hameet/Projects/cliche-todolist/src/setupTests.js": {"path":"/home/hameet/Projects/cliche-todolist/src/setupTests.js","statementMap":{"0":{"start":{"line":7,"column":0},"end":{"line":7,"column":44}},"1":{"start":{"line":9,"column":0},"end":{"line":9,"column":22}}},"fnMap":{},"branchMap":{},"s":{"0":9,"1":9},"f":{},"b":{},"_coverageSchema":"332fd63041d2c1bcb487cc26dd0d5f7d97098a6c","hash":"e2643337c7e66673d22f2d1d3c7e1f606051468d"}
,"/home/hameet/Projects/cliche-todolist/src/components/App/index.js": {"path":"/home/hameet/Projects/cliche-todolist/src/components/App/index.js","statementMap":{"0":{"start":{"line":9,"column":18},"end":{"line":17,"column":1}},"1":{"start":{"line":18,"column":0},"end":{"line":18,"column":35}},"2":{"start":{"line":22,"column":4},"end":{"line":36,"column":6}}},"fnMap":{"0":{"name":"(anonymous_0)","decl":{"start":{"line":21,"column":2},"end":{"line":21,"column":3}},"loc":{"start":{"line":21,"column":11},"end":{"line":37,"column":3}},"line":21}},"branchMap":{},"s":{"0":1,"1":1,"2":1},"f":{"0":1},"b":{},"_coverageSchema":"332fd63041d2c1bcb487cc26dd0d5f7d97098a6c","hash":"638a6547809ff73cfecc62b304d8d0e7cdbd187f"}
,"/home/hameet/Projects/cliche-todolist/src/components/TodoForm/index.js": {"path":"/home/hameet/Projects/cliche-todolist/src/components/TodoForm/index.js","statementMap":{"0":{"start":{"line":4,"column":20},"end":{"line":9,"column":1}},"1":{"start":{"line":11,"column":0},"end":{"line":11,"column":39}},"2":{"start":{"line":15,"column":4},"end":{"line":23,"column":5}}},"fnMap":{"0":{"name":"TodoForm","decl":{"start":{"line":13,"column":24},"end":{"line":13,"column":32}},"loc":{"start":{"line":13,"column":48},"end":{"line":24,"column":1}},"line":13}},"branchMap":{},"s":{"0":3,"1":3,"2":1},"f":{"0":1},"b":{},"_coverageSchema":"332fd63041d2c1bcb487cc26dd0d5f7d97098a6c","hash":"549298a370d29d4e46b03d9c3715e41b428dda5d"}
,"/home/hameet/Projects/cliche-todolist/src/components/Todolist/index.js": {"path":"/home/hameet/Projects/cliche-todolist/src/components/Todolist/index.js","statementMap":{"0":{"start":{"line":5,"column":19},"end":{"line":5,"column":32}},"1":{"start":{"line":9,"column":4},"end":{"line":21,"column":13}},"2":{"start":{"line":14,"column":20},"end":{"line":16,"column":25}}},"fnMap":{"0":{"name":"Todolist","decl":{"start":{"line":7,"column":24},"end":{"line":7,"column":32}},"loc":{"start":{"line":7,"column":45},"end":{"line":22,"column":1}},"line":7},"1":{"name":"(anonymous_1)","decl":{"start":{"line":13,"column":16},"end":{"line":13,"column":17}},"loc":{"start":{"line":14,"column":20},"end":{"line":16,"column":25}},"line":14}},"branchMap":{"0":{"loc":{"start":{"line":9,"column":11},"end":{"line":21,"column":13}},"type":"cond-expr","locations":[{"start":{"line":10,"column":10},"end":{"line":10,"column":14}},{"start":{"line":11,"column":10},"end":{"line":21,"column":13}}],"line":9}},"s":{"0":3,"1":2,"2":2},"f":{"0":2,"1":2},"b":{"0":[1,1]},"_coverageSchema":"332fd63041d2c1bcb487cc26dd0d5f7d97098a6c","hash":"420eaa4c2e9d3cb7b22447f48093ba3a976245d8"}
,"/home/hameet/Projects/cliche-todolist/src/containers/Todo/index.js": {"path":"/home/hameet/Projects/cliche-todolist/src/containers/Todo/index.js","statementMap":{"0":{"start":{"line":7,"column":4},"end":{"line":9,"column":5}},"1":{"start":{"line":8,"column":29},"end":{"line":8,"column":75}}},"fnMap":{"0":{"name":"mapDispatchToProps","decl":{"start":{"line":6,"column":9},"end":{"line":6,"column":27}},"loc":{"start":{"line":6,"column":39},"end":{"line":10,"column":1}},"line":6},"1":{"name":"(anonymous_1)","decl":{"start":{"line":8,"column":20},"end":{"line":8,"column":21}},"loc":{"start":{"line":8,"column":29},"end":{"line":8,"column":75}},"line":8}},"branchMap":{},"s":{"0":2,"1":1},"f":{"0":2,"1":1},"b":{},"_coverageSchema":"332fd63041d2c1bcb487cc26dd0d5f7d97098a6c","hash":"4aeca36b278bd835104c1520690485dd6468a90c"}
,"/home/hameet/Projects/cliche-todolist/src/containers/Todolist/index.js": {"path":"/home/hameet/Projects/cliche-todolist/src/containers/Todolist/index.js","statementMap":{"0":{"start":{"line":7,"column":4},"end":{"line":9,"column":5}}},"fnMap":{"0":{"name":"mapStateToProps","decl":{"start":{"line":6,"column":9},"end":{"line":6,"column":24}},"loc":{"start":{"line":6,"column":33},"end":{"line":10,"column":1}},"line":6}},"branchMap":{},"s":{"0":1},"f":{"0":1},"b":{},"_coverageSchema":"332fd63041d2c1bcb487cc26dd0d5f7d97098a6c","hash":"9993e873d7e538fd8ad67634e75fc84a3c71298b"}
,"/home/hameet/Projects/cliche-todolist/src/state/Constants.js": {"path":"/home/hameet/Projects/cliche-todolist/src/state/Constants.js","statementMap":{"0":{"start":{"line":1,"column":28},"end":{"line":10,"column":1}},"1":{"start":{"line":12,"column":26},"end":{"line":12,"column":38}}},"fnMap":{},"branchMap":{},"s":{"0":6,"1":6},"f":{},"b":{},"_coverageSchema":"332fd63041d2c1bcb487cc26dd0d5f7d97098a6c","hash":"c732a7a115c117c6d4f25318ccb8d469cc99d943"}
,"/home/hameet/Projects/cliche-todolist/src/state/actions/index.js": {"path":"/home/hameet/Projects/cliche-todolist/src/state/actions/index.js","statementMap":{"0":{"start":{"line":4,"column":4},"end":{"line":9,"column":5}}},"fnMap":{"0":{"name":"todoAdded","decl":{"start":{"line":3,"column":9},"end":{"line":3,"column":18}},"loc":{"start":{"line":3,"column":26},"end":{"line":10,"column":1}},"line":3}},"branchMap":{},"s":{"0":3},"f":{"0":3},"b":{},"_coverageSchema":"332fd63041d2c1bcb487cc26dd0d5f7d97098a6c","hash":"68977a580ee0663fbcf4719302cd9ccbaf4a5b6d"}
,"/home/hameet/Projects/cliche-todolist/src/state/reducers/index.js": {"path":"/home/hameet/Projects/cliche-todolist/src/state/reducers/index.js","statementMap":{"0":{"start":{"line":6,"column":4},"end":{"line":14,"column":5}},"1":{"start":{"line":8,"column":12},"end":{"line":11,"column":17}},"2":{"start":{"line":13,"column":12},"end":{"line":13,"column":24}}},"fnMap":{"0":{"name":"rootReducer","decl":{"start":{"line":5,"column":9},"end":{"line":5,"column":20}},"loc":{"start":{"line":5,"column":67},"end":{"line":15,"column":1}},"line":5}},"branchMap":{"0":{"loc":{"start":{"line":5,"column":22},"end":{"line":5,"column":42}},"type":"default-arg","locations":[{"start":{"line":5,"column":30},"end":{"line":5,"column":42}}],"line":5},"1":{"loc":{"start":{"line":5,"column":46},"end":{"line":5,"column":58}},"type":"default-arg","locations":[{"start":{"line":5,"column":56},"end":{"line":5,"column":58}}],"line":5},"2":{"loc":{"start":{"line":6,"column":4},"end":{"line":14,"column":5}},"type":"switch","locations":[{"start":{"line":7,"column":8},"end":{"line":11,"column":17}},{"start":{"line":12,"column":8},"end":{"line":13,"column":24}}],"line":6}},"s":{"0":6,"1":1,"2":5},"f":{"0":6},"b":{"0":[4],"1":[5],"2":[1,5]},"_coverageSchema":"332fd63041d2c1bcb487cc26dd0d5f7d97098a6c","hash":"ce7420fd49d4c569fbd84785e3bba6052a6c4bab"}
,"/home/hameet/Projects/cliche-todolist/src/state/selectors/index.js": {"path":"/home/hameet/Projects/cliche-todolist/src/state/selectors/index.js","statementMap":{"0":{"start":{"line":2,"column":4},"end":{"line":2,"column":16}}},"fnMap":{"0":{"name":"getTodos","decl":{"start":{"line":1,"column":16},"end":{"line":1,"column":24}},"loc":{"start":{"line":1,"column":37},"end":{"line":3,"column":1}},"line":1}},"branchMap":{},"s":{"0":2},"f":{"0":2},"b":{},"_coverageSchema":"332fd63041d2c1bcb487cc26dd0d5f7d97098a6c","hash":"8132f80ae849777d1c12ae5d842b0ba665401d2f"}
,"/home/hameet/Projects/cliche-todolist/src/state/store/index.js": {"path":"/home/hameet/Projects/cliche-todolist/src/state/store/index.js","statementMap":{"0":{"start":{"line":7,"column":2},"end":{"line":7,"column":53}}},"fnMap":{"0":{"name":"configureStore","decl":{"start":{"line":6,"column":24},"end":{"line":6,"column":38}},"loc":{"start":{"line":6,"column":42},"end":{"line":8,"column":1}},"line":6}},"branchMap":{},"s":{"0":3},"f":{"0":3},"b":{},"_coverageSchema":"332fd63041d2c1bcb487cc26dd0d5f7d97098a6c","hash":"e6771e57ddec8fa978a102ad3cc02d23c79d3170"}
}
