{"/home/hameet/Projects/cliche-todolist/src/setupTests.js": {"path":"/home/hameet/Projects/cliche-todolist/src/setupTests.js","statementMap":{"0":{"start":{"line":7,"column":0},"end":{"line":7,"column":44}},"1":{"start":{"line":9,"column":0},"end":{"line":9,"column":22}}},"fnMap":{},"branchMap":{},"s":{"0":9,"1":9},"f":{},"b":{},"_coverageSchema":"332fd63041d2c1bcb487cc26dd0d5f7d97098a6c","hash":"e2643337c7e66673d22f2d1d3c7e1f606051468d"}
,"/home/hameet/Projects/cliche-todolist/src/components/App/index.js": {"path":"/home/hameet/Projects/cliche-todolist/src/components/App/index.js","statementMap":{"0":{"start":{"line":9,"column":18},"end":{"line":17,"column":1}},"1":{"start":{"line":18,"column":0},"end":{"line":18,"column":35}},"2":{"start":{"line":22,"column":4},"end":{"line":36,"column":6}}},"fnMap":{"0":{"name":"(anonymous_0)","decl":{"start":{"line":21,"column":2},"end":{"line":21,"column":3}},"loc":{"start":{"line":21,"column":11},"end":{"line":37,"column":3}},"line":21}},"branchMap":{},"s":{"0":1,"1":1,"2":1},"f":{"0":1},"b":{},"_coverageSchema":"332fd63041d2c1bcb487cc26dd0d5f7d97098a6c","hash":"638a6547809ff73cfecc62b304d8d0e7cdbd187f"}
,"/home/hameet/Projects/cliche-todolist/src/components/TodoForm/index.js": {"path":"/home/hameet/Projects/cliche-todolist/src/components/TodoForm/index.js","statementMap":{"0":{"start":{"line":4,"column":20},"end":{"line":9,"column":1}},"1":{"start":{"line":11,"column":0},"end":{"line":11,"column":39}},"2":{"start":{"line":15,"column":4},"end":{"line":23,"column":5}}},"fnMap":{"0":{"name":"TodoForm","decl":{"start":{"line":13,"column":24},"end":{"line":13,"column":32}},"loc":{"start":{"line":13,"column":48},"end":{"line":24,"column":1}},"line":13}},"branchMap":{},"s":{"0":3,"1":3,"2":1},"f":{"0":1},"b":{},"_coverageSchema":"332fd63041d2c1bcb487cc26dd0d5f7d97098a6c","hash":"549298a370d29d4e46b03d9c3715e41b428dda5d"}
,"/home/hameet/Projects/cliche-todolist/src/components/Todolist/index.js": {"path":"/home/hameet/Projects/cliche-todolist/src/components/Todolist/index.js","statementMap":{"0":{"start":{"line":5,"column":19},"end":{"line":5,"column":32}},"1":{"start":{"line":8,"column":2},"end":{"line":8,"column":29}},"2":{"start":{"line":9,"column":2},"end":{"line":23,"column":9}},"3":{"start":{"line":14,"column":12},"end":{"line":19,"column":17}}},"fnMap":{"0":{"name":"Todolist","decl":{"start":{"line":7,"column":24},"end":{"line":7,"column":32}},"loc":{"start":{"line":7,"column":68},"end":{"line":24,"column":1}},"line":7},"1":{"name":"(anonymous_1)","decl":{"start":{"line":13,"column":10},"end":{"line":13,"column":11}},"loc":{"start":{"line":14,"column":12},"end":{"line":19,"column":17}},"line":14}},"branchMap":{"0":{"loc":{"start":{"line":9,"column":9},"end":{"line":23,"column":9}},"type":"cond-expr","locations":[{"start":{"line":10,"column":6},"end":{"line":10,"column":10}},{"start":{"line":11,"column":6},"end":{"line":23,"column":9}}],"line":9}},"s":{"0":3,"1":2,"2":2,"3":2},"f":{"0":2,"1":2},"b":{"0":[1,1]},"_coverageSchema":"332fd63041d2c1bcb487cc26dd0d5f7d97098a6c","hash":"236a3836c70ead1714ddb4ff80b7c576324b3dc3"}
,"/home/hameet/Projects/cliche-todolist/src/containers/Todo/index.js": {"path":"/home/hameet/Projects/cliche-todolist/src/containers/Todo/index.js","statementMap":{"0":{"start":{"line":7,"column":4},"end":{"line":9,"column":5}},"1":{"start":{"line":8,"column":29},"end":{"line":8,"column":75}}},"fnMap":{"0":{"name":"mapDispatchToProps","decl":{"start":{"line":6,"column":9},"end":{"line":6,"column":27}},"loc":{"start":{"line":6,"column":39},"end":{"line":10,"column":1}},"line":6},"1":{"name":"(anonymous_1)","decl":{"start":{"line":8,"column":20},"end":{"line":8,"column":21}},"loc":{"start":{"line":8,"column":29},"end":{"line":8,"column":75}},"line":8}},"branchMap":{},"s":{"0":2,"1":1},"f":{"0":2,"1":1},"b":{},"_coverageSchema":"332fd63041d2c1bcb487cc26dd0d5f7d97098a6c","hash":"4aeca36b278bd835104c1520690485dd6468a90c"}
,"/home/hameet/Projects/cliche-todolist/src/containers/Todolist/index.js": {"path":"/home/hameet/Projects/cliche-todolist/src/containers/Todolist/index.js","statementMap":{"0":{"start":{"line":7,"column":2},"end":{"line":9,"column":3}},"1":{"start":{"line":13,"column":2},"end":{"line":17,"column":3}},"2":{"start":{"line":15,"column":6},"end":{"line":15,"column":33}}},"fnMap":{"0":{"name":"mapStateToProps","decl":{"start":{"line":6,"column":9},"end":{"line":6,"column":24}},"loc":{"start":{"line":6,"column":33},"end":{"line":10,"column":1}},"line":6},"1":{"name":"mapDispatchToProps","decl":{"start":{"line":12,"column":9},"end":{"line":12,"column":27}},"loc":{"start":{"line":12,"column":46},"end":{"line":18,"column":1}},"line":12},"2":{"name":"(anonymous_2)","decl":{"start":{"line":14,"column":20},"end":{"line":14,"column":21}},"loc":{"start":{"line":14,"column":29},"end":{"line":16,"column":5}},"line":14}},"branchMap":{},"s":{"0":2,"1":2,"2":1},"f":{"0":2,"1":2,"2":1},"b":{},"_coverageSchema":"332fd63041d2c1bcb487cc26dd0d5f7d97098a6c","hash":"33578bffefbfe2dfa9bd1601fb5cc295a256db65"}
,"/home/hameet/Projects/cliche-todolist/src/state/Constants.js": {"path":"/home/hameet/Projects/cliche-todolist/src/state/Constants.js","statementMap":{"0":{"start":{"line":1,"column":28},"end":{"line":10,"column":1}},"1":{"start":{"line":12,"column":26},"end":{"line":12,"column":38}},"2":{"start":{"line":13,"column":27},"end":{"line":13,"column":40}}},"fnMap":{},"branchMap":{},"s":{"0":6,"1":6,"2":6},"f":{},"b":{},"_coverageSchema":"332fd63041d2c1bcb487cc26dd0d5f7d97098a6c","hash":"6866870bf4dbc61055e75d3fb710d7f82bf43103"}
,"/home/hameet/Projects/cliche-todolist/src/state/actions/index.js": {"path":"/home/hameet/Projects/cliche-todolist/src/state/actions/index.js","statementMap":{"0":{"start":{"line":4,"column":2},"end":{"line":9,"column":3}},"1":{"start":{"line":13,"column":2},"end":{"line":16,"column":3}}},"fnMap":{"0":{"name":"todoAdded","decl":{"start":{"line":3,"column":9},"end":{"line":3,"column":18}},"loc":{"start":{"line":3,"column":26},"end":{"line":10,"column":1}},"line":3},"1":{"name":"deleteTodo","decl":{"start":{"line":12,"column":9},"end":{"line":12,"column":19}},"loc":{"start":{"line":12,"column":28},"end":{"line":17,"column":1}},"line":12}},"branchMap":{},"s":{"0":3,"1":2},"f":{"0":3,"1":2},"b":{},"_coverageSchema":"332fd63041d2c1bcb487cc26dd0d5f7d97098a6c","hash":"663fb1a06036e2a76e9a16a499b3168de0b751ec"}
,"/home/hameet/Projects/cliche-todolist/src/state/reducers/index.js": {"path":"/home/hameet/Projects/cliche-todolist/src/state/reducers/index.js","statementMap":{"0":{"start":{"line":6,"column":2},"end":{"line":23,"column":3}},"1":{"start":{"line":8,"column":6},"end":{"line":11,"column":7}},"2":{"start":{"line":14,"column":6},"end":{"line":20,"column":7}},"3":{"start":{"line":22,"column":6},"end":{"line":22,"column":18}}},"fnMap":{"0":{"name":"rootReducer","decl":{"start":{"line":5,"column":9},"end":{"line":5,"column":20}},"loc":{"start":{"line":5,"column":68},"end":{"line":24,"column":1}},"line":5}},"branchMap":{"0":{"loc":{"start":{"line":5,"column":22},"end":{"line":5,"column":42}},"type":"default-arg","locations":[{"start":{"line":5,"column":30},"end":{"line":5,"column":42}}],"line":5},"1":{"loc":{"start":{"line":5,"column":46},"end":{"line":5,"column":58}},"type":"default-arg","locations":[{"start":{"line":5,"column":56},"end":{"line":5,"column":58}}],"line":5},"2":{"loc":{"start":{"line":6,"column":2},"end":{"line":23,"column":3}},"type":"switch","locations":[{"start":{"line":7,"column":4},"end":{"line":11,"column":7}},{"start":{"line":13,"column":4},"end":{"line":20,"column":7}},{"start":{"line":21,"column":4},"end":{"line":22,"column":18}}],"line":6}},"s":{"0":7,"1":1,"2":1,"3":5},"f":{"0":7},"b":{"0":[4],"1":[5],"2":[1,1,5]},"_coverageSchema":"332fd63041d2c1bcb487cc26dd0d5f7d97098a6c","hash":"005ff038daa4bf2598ac1304789d21fd2b616706"}
,"/home/hameet/Projects/cliche-todolist/src/state/selectors/index.js": {"path":"/home/hameet/Projects/cliche-todolist/src/state/selectors/index.js","statementMap":{"0":{"start":{"line":2,"column":4},"end":{"line":2,"column":16}}},"fnMap":{"0":{"name":"getTodos","decl":{"start":{"line":1,"column":16},"end":{"line":1,"column":24}},"loc":{"start":{"line":1,"column":37},"end":{"line":3,"column":1}},"line":1}},"branchMap":{},"s":{"0":3},"f":{"0":3},"b":{},"_coverageSchema":"332fd63041d2c1bcb487cc26dd0d5f7d97098a6c","hash":"8132f80ae849777d1c12ae5d842b0ba665401d2f"}
,"/home/hameet/Projects/cliche-todolist/src/state/store/index.js": {"path":"/home/hameet/Projects/cliche-todolist/src/state/store/index.js","statementMap":{"0":{"start":{"line":7,"column":2},"end":{"line":7,"column":53}}},"fnMap":{"0":{"name":"configureStore","decl":{"start":{"line":6,"column":24},"end":{"line":6,"column":38}},"loc":{"start":{"line":6,"column":42},"end":{"line":8,"column":1}},"line":6}},"branchMap":{},"s":{"0":3},"f":{"0":3},"b":{},"_coverageSchema":"332fd63041d2c1bcb487cc26dd0d5f7d97098a6c","hash":"e6771e57ddec8fa978a102ad3cc02d23c79d3170"}
}
