TN:
SF:/home/hameet/Projects/cliche-todolist/src/setupTests.js
FNF:0
FNH:0
DA:7,9
DA:9,9
LF:2
LH:2
BRF:0
BRH:0
end_of_record
TN:
SF:/home/hameet/Projects/cliche-todolist/src/components/App/index.js
FN:21,(anonymous_0)
FNF:1
FNH:1
FNDA:1,(anonymous_0)
DA:9,1
DA:18,1
DA:22,1
LF:3
LH:3
BRF:0
BRH:0
end_of_record
TN:
SF:/home/hameet/Projects/cliche-todolist/src/components/TodoForm/index.js
FN:13,TodoForm
FNF:1
FNH:1
FNDA:1,TodoForm
DA:4,3
DA:11,3
DA:15,1
LF:3
LH:3
BRF:0
BRH:0
end_of_record
TN:
SF:/home/hameet/Projects/cliche-todolist/src/components/Todolist/index.js
FN:7,Todolist
FN:13,(anonymous_1)
FNF:2
FNH:2
FNDA:2,Todolist
FNDA:2,(anonymous_1)
DA:5,3
DA:9,2
DA:14,2
LF:3
LH:3
BRDA:9,0,0,1
BRDA:9,0,1,1
BRF:2
BRH:2
end_of_record
TN:
SF:/home/hameet/Projects/cliche-todolist/src/containers/Todo/index.js
FN:6,mapDispatchToProps
FN:8,(anonymous_1)
FNF:2
FNH:2
FNDA:2,mapDispatchToProps
FNDA:1,(anonymous_1)
DA:7,2
DA:8,1
LF:2
LH:2
BRF:0
BRH:0
end_of_record
TN:
SF:/home/hameet/Projects/cliche-todolist/src/containers/Todolist/index.js
FN:6,mapStateToProps
FNF:1
FNH:1
FNDA:1,mapStateToProps
DA:7,1
LF:1
LH:1
BRF:0
BRH:0
end_of_record
TN:
SF:/home/hameet/Projects/cliche-todolist/src/state/Constants.js
FNF:0
FNH:0
DA:1,6
DA:12,6
LF:2
LH:2
BRF:0
BRH:0
end_of_record
TN:
SF:/home/hameet/Projects/cliche-todolist/src/state/actions/index.js
FN:3,todoAdded
FNF:1
FNH:1
FNDA:3,todoAdded
DA:4,3
LF:1
LH:1
BRF:0
BRH:0
end_of_record
TN:
SF:/home/hameet/Projects/cliche-todolist/src/state/reducers/index.js
FN:5,rootReducer
FNF:1
FNH:1
FNDA:6,rootReducer
DA:6,6
DA:8,1
DA:13,5
LF:3
LH:3
BRDA:5,0,0,4
BRDA:5,1,0,5
BRDA:6,2,0,1
BRDA:6,2,1,5
BRF:4
BRH:4
end_of_record
TN:
SF:/home/hameet/Projects/cliche-todolist/src/state/selectors/index.js
FN:1,getTodos
FNF:1
FNH:1
FNDA:2,getTodos
DA:2,2
LF:1
LH:1
BRF:0
BRH:0
end_of_record
TN:
SF:/home/hameet/Projects/cliche-todolist/src/state/store/index.js
FN:6,configureStore
FNF:1
FNH:1
FNDA:3,configureStore
DA:7,3
LF:1
LH:1
BRF:0
BRH:0
end_of_record
